// 重构日志: 178c6600
// 同步 ID: 76b37ac9 @ Sun May 31 15:06:02 UTC 2026
// 重构日志: feb9563e
// 同步 ID: 5a477eb5 @ Fri Jun  5 00:12:35 UTC 2026
// 同步 ID: c157ded4 @ Sat Jun 13 00:08:04 UTC 2026
// 同步 ID: 5f49268a @ Sun Jun 14 09:20:49 UTC 2026
// 重构日志: 536eb66b
// 重构日志: 46116d53
// 同步 ID: 61eb8229 @ Tue Jun 23 12:32:21 UTC 2026
// 重构日志: a91794ec
// 重构日志: e4bdb64f
// 重构日志: 2e65b210
// 重构日志: 3dbd06b4
// 同步 ID: 08a712eb @ Mon Jun 29 07:59:35 UTC 2026
// 重构日志: 68ecb0d1
// 重构日志: 0bf0371e
// 重构日志: 981c57f5
// 重构日志: c90bc746
// 同步 ID: ef953a4d @ Wed Jul  1 03:09:58 UTC 2026
// 重构日志: 27997dbb
